[14-May-2025 22:31:13 Europe/Berlin] Register API Debug Info: Array
(
    [request_method] => POST
    [content_type] => application/json
    [raw_input] => {"full_name":"Afnan","student_id":"21224059","email":"afnan@g.bracu.ac.bd","password":"aFn@n007","department":"CSE","avatar_url":"https://avatar.iran.liara.run/public","bio":""}
    [request_time] => 2025-05-14 22:31:13
)

[14-May-2025 22:31:13 Europe/Berlin] Raw POST data: {"full_name":"Afnan","student_id":"21224059","email":"afnan@g.bracu.ac.bd","password":"aFn@n007","department":"CSE","avatar_url":"https://avatar.iran.liara.run/public","bio":""}
[14-May-2025 22:31:13 Europe/Berlin] PHP Deprecated:  strip_tags(): Passing null to parameter #1 ($string) of type string is deprecated in C:\xampp\htdocs\BRACULA\models\User.php on line 36
[14-May-2025 22:31:13 Europe/Berlin] PHP Deprecated:  strip_tags(): Passing null to parameter #1 ($string) of type string is deprecated in C:\xampp\htdocs\BRACULA\models\User.php on line 38
[14-May-2025 22:31:13 Europe/Berlin] Error creating user: SQLSTATE[42S22]: Column not found: 1054 Unknown column 'department' in 'field list'
[14-May-2025 22:31:13 Europe/Berlin] Buffered output:   {"status":"error","message":"Failed to create user","debug_info":{"request_method":"POST","content_type":"application\/json","raw_input":"{\"full_name\":\"Afnan\",\"student_id\":\"21224059\",\"email\":\"afnan@g.bracu.ac.bd\",\"password\":\"aFn@n007\",\"department\":\"CSE\",\"avatar_url\":\"https:\/\/avatar.iran.liara.run\/public\",\"bio\":\"\"}","request_time":"2025-05-14 22:31:13"}}
[14-May-2025 22:31:16 Europe/Berlin] Register API Debug Info: Array
(
    [request_method] => POST
    [content_type] => application/json
    [raw_input] => {"full_name":"Afnan","student_id":"21224059","email":"afnan@g.bracu.ac.bd","password":"aFn@n007","department":"CSE","avatar_url":"https://avatar.iran.liara.run/public","bio":""}
    [request_time] => 2025-05-14 22:31:16
)

[14-May-2025 22:31:16 Europe/Berlin] Raw POST data: {"full_name":"Afnan","student_id":"21224059","email":"afnan@g.bracu.ac.bd","password":"aFn@n007","department":"CSE","avatar_url":"https://avatar.iran.liara.run/public","bio":""}
[14-May-2025 22:31:16 Europe/Berlin] PHP Deprecated:  strip_tags(): Passing null to parameter #1 ($string) of type string is deprecated in C:\xampp\htdocs\BRACULA\models\User.php on line 36
[14-May-2025 22:31:16 Europe/Berlin] PHP Deprecated:  strip_tags(): Passing null to parameter #1 ($string) of type string is deprecated in C:\xampp\htdocs\BRACULA\models\User.php on line 38
[14-May-2025 22:31:16 Europe/Berlin] Error creating user: SQLSTATE[42S22]: Column not found: 1054 Unknown column 'department' in 'field list'
[14-May-2025 22:31:16 Europe/Berlin] Buffered output:   {"status":"error","message":"Failed to create user","debug_info":{"request_method":"POST","content_type":"application\/json","raw_input":"{\"full_name\":\"Afnan\",\"student_id\":\"21224059\",\"email\":\"afnan@g.bracu.ac.bd\",\"password\":\"aFn@n007\",\"department\":\"CSE\",\"avatar_url\":\"https:\/\/avatar.iran.liara.run\/public\",\"bio\":\"\"}","request_time":"2025-05-14 22:31:16"}}
[14-May-2025 22:31:20 Europe/Berlin] Register API Debug Info: Array
(
    [request_method] => POST
    [content_type] => application/json
    [raw_input] => {"full_name":"Afnan","student_id":"21224059","email":"afnan@g.bracu.ac.bd","password":"aFn@n007","department":"CSE","avatar_url":"https://avatar.iran.liara.run/public","bio":""}
    [request_time] => 2025-05-14 22:31:20
)

[14-May-2025 22:31:20 Europe/Berlin] Raw POST data: {"full_name":"Afnan","student_id":"21224059","email":"afnan@g.bracu.ac.bd","password":"aFn@n007","department":"CSE","avatar_url":"https://avatar.iran.liara.run/public","bio":""}
[14-May-2025 22:31:20 Europe/Berlin] PHP Deprecated:  strip_tags(): Passing null to parameter #1 ($string) of type string is deprecated in C:\xampp\htdocs\BRACULA\models\User.php on line 36
[14-May-2025 22:31:20 Europe/Berlin] PHP Deprecated:  strip_tags(): Passing null to parameter #1 ($string) of type string is deprecated in C:\xampp\htdocs\BRACULA\models\User.php on line 38
[14-May-2025 22:31:20 Europe/Berlin] Error creating user: SQLSTATE[42S22]: Column not found: 1054 Unknown column 'department' in 'field list'
[14-May-2025 22:31:20 Europe/Berlin] Buffered output:   {"status":"error","message":"Failed to create user","debug_info":{"request_method":"POST","content_type":"application\/json","raw_input":"{\"full_name\":\"Afnan\",\"student_id\":\"21224059\",\"email\":\"afnan@g.bracu.ac.bd\",\"password\":\"aFn@n007\",\"department\":\"CSE\",\"avatar_url\":\"https:\/\/avatar.iran.liara.run\/public\",\"bio\":\"\"}","request_time":"2025-05-14 22:31:20"}}
[14-May-2025 22:34:26 Europe/Berlin] Register API Debug Info: Array
(
    [request_method] => POST
    [content_type] => application/json
    [raw_input] => {"full_name":"Afnan","student_id":"2183208","email":"afnan@g.bracu.ac.bd","password":"aFn@n123","department":"CSE","avatar_url":"https://avatar.iran.liara.run/public","bio":""}
    [request_time] => 2025-05-14 22:34:26
)

[14-May-2025 22:34:26 Europe/Berlin] Raw POST data: {"full_name":"Afnan","student_id":"2183208","email":"afnan@g.bracu.ac.bd","password":"aFn@n123","department":"CSE","avatar_url":"https://avatar.iran.liara.run/public","bio":""}
[14-May-2025 22:34:26 Europe/Berlin] PHP Deprecated:  strip_tags(): Passing null to parameter #1 ($string) of type string is deprecated in C:\xampp\htdocs\BRACULA\models\User.php on line 36
[14-May-2025 22:34:26 Europe/Berlin] PHP Deprecated:  strip_tags(): Passing null to parameter #1 ($string) of type string is deprecated in C:\xampp\htdocs\BRACULA\models\User.php on line 38
[14-May-2025 22:34:26 Europe/Berlin] Error creating user: SQLSTATE[42S22]: Column not found: 1054 Unknown column 'interests' in 'field list'
[14-May-2025 22:34:26 Europe/Berlin] Buffered output:   {"status":"error","message":"Failed to create user","debug_info":{"request_method":"POST","content_type":"application\/json","raw_input":"{\"full_name\":\"Afnan\",\"student_id\":\"2183208\",\"email\":\"afnan@g.bracu.ac.bd\",\"password\":\"aFn@n123\",\"department\":\"CSE\",\"avatar_url\":\"https:\/\/avatar.iran.liara.run\/public\",\"bio\":\"\"}","request_time":"2025-05-14 22:34:26"}}
[14-May-2025 22:38:35 Europe/Berlin] Register API Debug Info: Array
(
    [request_method] => POST
    [content_type] => application/json
    [raw_input] => {"full_name":"Rakib","student_id":"2131239","email":"rakib@g.bracu.ac.bd","password":"C0c0nut@007"}
    [request_time] => 2025-05-14 22:38:35
)

[14-May-2025 22:38:35 Europe/Berlin] Raw POST data: {"full_name":"Rakib","student_id":"2131239","email":"rakib@g.bracu.ac.bd","password":"C0c0nut@007"}
[14-May-2025 22:38:35 Europe/Berlin] Buffered output:   {"status":"error","message":"Missing required fields: department","debug_info":{"request_method":"POST","content_type":"application\/json","raw_input":"{\"full_name\":\"Rakib\",\"student_id\":\"2131239\",\"email\":\"rakib@g.bracu.ac.bd\",\"password\":\"C0c0nut@007\"}","request_time":"2025-05-14 22:38:35"}}
[14-May-2025 22:38:52 Europe/Berlin] Register API Debug Info: Array
(
    [request_method] => POST
    [content_type] => application/json
    [raw_input] => {"full_name":"Afnan","student_id":"2183208","email":"afnan@g.bracu.ac.bd","password":"aFn@n123","department":"CSE","avatar_url":"https://avatar.iran.liara.run/public","bio":""}
    [request_time] => 2025-05-14 22:38:52
)

[14-May-2025 22:38:52 Europe/Berlin] Raw POST data: {"full_name":"Afnan","student_id":"2183208","email":"afnan@g.bracu.ac.bd","password":"aFn@n123","department":"CSE","avatar_url":"https://avatar.iran.liara.run/public","bio":""}
[14-May-2025 22:38:52 Europe/Berlin] PHP Deprecated:  strip_tags(): Passing null to parameter #1 ($string) of type string is deprecated in C:\xampp\htdocs\BRACULA\models\User.php on line 36
[14-May-2025 22:38:52 Europe/Berlin] PHP Deprecated:  strip_tags(): Passing null to parameter #1 ($string) of type string is deprecated in C:\xampp\htdocs\BRACULA\models\User.php on line 38
[14-May-2025 22:38:52 Europe/Berlin] Error creating user: SQLSTATE[42S22]: Column not found: 1054 Unknown column 'interests' in 'field list'
[14-May-2025 22:38:52 Europe/Berlin] Buffered output:   {"status":"error","message":"Failed to create user","debug_info":{"request_method":"POST","content_type":"application\/json","raw_input":"{\"full_name\":\"Afnan\",\"student_id\":\"2183208\",\"email\":\"afnan@g.bracu.ac.bd\",\"password\":\"aFn@n123\",\"department\":\"CSE\",\"avatar_url\":\"https:\/\/avatar.iran.liara.run\/public\",\"bio\":\"\"}","request_time":"2025-05-14 22:38:52"}}
[14-May-2025 22:39:12 Europe/Berlin] Register API Debug Info: Array
(
    [request_method] => POST
    [content_type] => application/json
    [raw_input] => {"full_name":"Afnan","student_id":"22101804","email":"afnan@g.bracu.ac.bd","password":"Coconut@007","department":"CSE","avatar_url":"https://avatar.iran.liara.run/public","bio":""}
    [request_time] => 2025-05-14 22:39:12
)

[14-May-2025 22:39:12 Europe/Berlin] Raw POST data: {"full_name":"Afnan","student_id":"22101804","email":"afnan@g.bracu.ac.bd","password":"Coconut@007","department":"CSE","avatar_url":"https://avatar.iran.liara.run/public","bio":""}
[14-May-2025 22:39:12 Europe/Berlin] Buffered output:   {"status":"error","message":"Student ID already exists","debug_info":{"request_method":"POST","content_type":"application\/json","raw_input":"{\"full_name\":\"Afnan\",\"student_id\":\"22101804\",\"email\":\"afnan@g.bracu.ac.bd\",\"password\":\"Coconut@007\",\"department\":\"CSE\",\"avatar_url\":\"https:\/\/avatar.iran.liara.run\/public\",\"bio\":\"\"}","request_time":"2025-05-14 22:39:12"}}
[14-May-2025 22:39:17 Europe/Berlin] Register API Debug Info: Array
(
    [request_method] => POST
    [content_type] => application/json
    [raw_input] => {"full_name":"Afnan","student_id":"22101803","email":"afnan@g.bracu.ac.bd","password":"Coconut@007","department":"CSE","avatar_url":"https://avatar.iran.liara.run/public","bio":""}
    [request_time] => 2025-05-14 22:39:17
)

[14-May-2025 22:39:17 Europe/Berlin] Raw POST data: {"full_name":"Afnan","student_id":"22101803","email":"afnan@g.bracu.ac.bd","password":"Coconut@007","department":"CSE","avatar_url":"https://avatar.iran.liara.run/public","bio":""}
[14-May-2025 22:39:17 Europe/Berlin] PHP Deprecated:  strip_tags(): Passing null to parameter #1 ($string) of type string is deprecated in C:\xampp\htdocs\BRACULA\models\User.php on line 36
[14-May-2025 22:39:17 Europe/Berlin] PHP Deprecated:  strip_tags(): Passing null to parameter #1 ($string) of type string is deprecated in C:\xampp\htdocs\BRACULA\models\User.php on line 38
[14-May-2025 22:39:17 Europe/Berlin] Error creating user: SQLSTATE[42S22]: Column not found: 1054 Unknown column 'interests' in 'field list'
[14-May-2025 22:39:17 Europe/Berlin] Buffered output:   {"status":"error","message":"Failed to create user","debug_info":{"request_method":"POST","content_type":"application\/json","raw_input":"{\"full_name\":\"Afnan\",\"student_id\":\"22101803\",\"email\":\"afnan@g.bracu.ac.bd\",\"password\":\"Coconut@007\",\"department\":\"CSE\",\"avatar_url\":\"https:\/\/avatar.iran.liara.run\/public\",\"bio\":\"\"}","request_time":"2025-05-14 22:39:17"}}
[14-May-2025 22:39:27 Europe/Berlin] Register API Debug Info: Array
(
    [request_method] => GET
    [content_type] => not set
    [raw_input] => 
    [request_time] => 2025-05-14 22:39:27
)

[14-May-2025 22:39:27 Europe/Berlin] Buffered output: {"status":"error","message":"Method not allowed. Only POST requests are accepted.","debug_info":{"request_method":"GET","content_type":"not set","raw_input":"","request_time":"2025-05-14 22:39:27"}}
[14-May-2025 22:40:57 Europe/Berlin] Register API Debug Info: Array
(
    [request_method] => POST
    [content_type] => application/json
    [raw_input] => {"full_name":"Afnan","student_id":"22101803","email":"afnan@g.bracu.ac.bd","password":"Coconut@007","department":"CSE","avatar_url":"https://avatar.iran.liara.run/public","bio":""}
    [request_time] => 2025-05-14 22:40:57
)

[14-May-2025 22:40:57 Europe/Berlin] Raw POST data: {"full_name":"Afnan","student_id":"22101803","email":"afnan@g.bracu.ac.bd","password":"Coconut@007","department":"CSE","avatar_url":"https://avatar.iran.liara.run/public","bio":""}
[14-May-2025 22:40:57 Europe/Berlin] PHP Deprecated:  strip_tags(): Passing null to parameter #1 ($string) of type string is deprecated in C:\xampp\htdocs\BRACULA\models\User.php on line 36
[14-May-2025 22:40:57 Europe/Berlin] PHP Deprecated:  strip_tags(): Passing null to parameter #1 ($string) of type string is deprecated in C:\xampp\htdocs\BRACULA\models\User.php on line 38
[14-May-2025 22:40:57 Europe/Berlin] Error creating user: SQLSTATE[42S22]: Column not found: 1054 Unknown column 'interests' in 'field list'
[14-May-2025 22:40:57 Europe/Berlin] Buffered output:   {"status":"error","message":"Failed to create user","debug_info":{"request_method":"POST","content_type":"application\/json","raw_input":"{\"full_name\":\"Afnan\",\"student_id\":\"22101803\",\"email\":\"afnan@g.bracu.ac.bd\",\"password\":\"Coconut@007\",\"department\":\"CSE\",\"avatar_url\":\"https:\/\/avatar.iran.liara.run\/public\",\"bio\":\"\"}","request_time":"2025-05-14 22:40:57"}}
[14-May-2025 22:41:17 Europe/Berlin] Register API Debug Info: Array
(
    [request_method] => POST
    [content_type] => application/json
    [raw_input] => {"full_name":"Afnan","student_id":"22101802","email":"afnan@g.bracu.ac.bd","password":"Coconut@007","department":"CSE","avatar_url":"https://avatar.iran.liara.run/public","bio":""}
    [request_time] => 2025-05-14 22:41:17
)

[14-May-2025 22:41:17 Europe/Berlin] Raw POST data: {"full_name":"Afnan","student_id":"22101802","email":"afnan@g.bracu.ac.bd","password":"Coconut@007","department":"CSE","avatar_url":"https://avatar.iran.liara.run/public","bio":""}
[14-May-2025 22:41:17 Europe/Berlin] PHP Deprecated:  strip_tags(): Passing null to parameter #1 ($string) of type string is deprecated in C:\xampp\htdocs\BRACULA\models\User.php on line 36
[14-May-2025 22:41:17 Europe/Berlin] PHP Deprecated:  strip_tags(): Passing null to parameter #1 ($string) of type string is deprecated in C:\xampp\htdocs\BRACULA\models\User.php on line 38
[14-May-2025 22:41:17 Europe/Berlin] Error creating user: SQLSTATE[42S22]: Column not found: 1054 Unknown column 'interests' in 'field list'
[14-May-2025 22:41:17 Europe/Berlin] Buffered output:   {"status":"error","message":"Failed to create user","debug_info":{"request_method":"POST","content_type":"application\/json","raw_input":"{\"full_name\":\"Afnan\",\"student_id\":\"22101802\",\"email\":\"afnan@g.bracu.ac.bd\",\"password\":\"Coconut@007\",\"department\":\"CSE\",\"avatar_url\":\"https:\/\/avatar.iran.liara.run\/public\",\"bio\":\"\"}","request_time":"2025-05-14 22:41:17"}}
[14-May-2025 22:41:28 Europe/Berlin] Register API Debug Info: Array
(
    [request_method] => POST
    [content_type] => application/json
    [raw_input] => {"full_name":"Afnan","student_id":"22101802","email":"afnan@g.bracu.ac.bd","password":"Coconut@007","department":"CSE","avatar_url":"https://avatar.iran.liara.run/public","bio":""}
    [request_time] => 2025-05-14 22:41:28
)

[14-May-2025 22:41:28 Europe/Berlin] Raw POST data: {"full_name":"Afnan","student_id":"22101802","email":"afnan@g.bracu.ac.bd","password":"Coconut@007","department":"CSE","avatar_url":"https://avatar.iran.liara.run/public","bio":""}
[14-May-2025 22:41:28 Europe/Berlin] PHP Deprecated:  strip_tags(): Passing null to parameter #1 ($string) of type string is deprecated in C:\xampp\htdocs\BRACULA\models\User.php on line 36
[14-May-2025 22:41:28 Europe/Berlin] PHP Deprecated:  strip_tags(): Passing null to parameter #1 ($string) of type string is deprecated in C:\xampp\htdocs\BRACULA\models\User.php on line 38
[14-May-2025 22:41:28 Europe/Berlin] Error creating user: SQLSTATE[42S22]: Column not found: 1054 Unknown column 'interests' in 'field list'
[14-May-2025 22:41:28 Europe/Berlin] Buffered output:   {"status":"error","message":"Failed to create user","debug_info":{"request_method":"POST","content_type":"application\/json","raw_input":"{\"full_name\":\"Afnan\",\"student_id\":\"22101802\",\"email\":\"afnan@g.bracu.ac.bd\",\"password\":\"Coconut@007\",\"department\":\"CSE\",\"avatar_url\":\"https:\/\/avatar.iran.liara.run\/public\",\"bio\":\"\"}","request_time":"2025-05-14 22:41:28"}}
[14-May-2025 22:45:17 Europe/Berlin] Register API Debug Info: Array
(
    [request_method] => POST
    [content_type] => application/json
    [raw_input] => {"full_name":"Afnan","student_id":"22101802","email":"afnan@g.bracu.ac.bd","password":"Coconut@007","department":"CSE","avatar_url":"https://avatar.iran.liara.run/public","bio":""}
    [request_time] => 2025-05-14 22:45:17
)

[14-May-2025 22:45:17 Europe/Berlin] Raw POST data: {"full_name":"Afnan","student_id":"22101802","email":"afnan@g.bracu.ac.bd","password":"Coconut@007","department":"CSE","avatar_url":"https://avatar.iran.liara.run/public","bio":""}
[14-May-2025 22:45:17 Europe/Berlin] PHP Deprecated:  strip_tags(): Passing null to parameter #1 ($string) of type string is deprecated in C:\xampp\htdocs\BRACULA\models\User.php on line 36
[14-May-2025 22:45:17 Europe/Berlin] PHP Deprecated:  strip_tags(): Passing null to parameter #1 ($string) of type string is deprecated in C:\xampp\htdocs\BRACULA\models\User.php on line 38
[14-May-2025 22:45:17 Europe/Berlin] Error creating user: SQLSTATE[42S22]: Column not found: 1054 Unknown column 'interests' in 'field list'
[14-May-2025 22:45:17 Europe/Berlin] SQL: INSERT INTO users
                (full_name, student_id, email, password_hash, avatar_url, bio, department, interests)
                VALUES
                (:full_name, :student_id, :email, :password_hash, :avatar_url, :bio, :department, :interests)
[14-May-2025 22:45:17 Europe/Berlin] Data: Array
(
    [full_name] => Afnan
    [student_id] => 22101802
    [email] => afnan@g.bracu.ac.bd
    [avatar_url] => https://avatar.iran.liara.run/public
    [bio] => 
    [department] => CSE
    [interests] => 
)

[14-May-2025 22:45:17 Europe/Berlin] Buffered output:   {"status":"error","message":"Failed to create user","debug_info":{"request_method":"POST","content_type":"application\/json","raw_input":"{\"full_name\":\"Afnan\",\"student_id\":\"22101802\",\"email\":\"afnan@g.bracu.ac.bd\",\"password\":\"Coconut@007\",\"department\":\"CSE\",\"avatar_url\":\"https:\/\/avatar.iran.liara.run\/public\",\"bio\":\"\"}","request_time":"2025-05-14 22:45:17"}}
[14-May-2025 22:45:21 Europe/Berlin] Register API Debug Info: Array
(
    [request_method] => POST
    [content_type] => application/json
    [raw_input] => {"full_name":"Afnan","student_id":"22101802","email":"afnan@g.bracu.ac.bd","password":"Coconut@007","department":"CSE","avatar_url":"https://avatar.iran.liara.run/public","bio":""}
    [request_time] => 2025-05-14 22:45:21
)

[14-May-2025 22:45:21 Europe/Berlin] Raw POST data: {"full_name":"Afnan","student_id":"22101802","email":"afnan@g.bracu.ac.bd","password":"Coconut@007","department":"CSE","avatar_url":"https://avatar.iran.liara.run/public","bio":""}
[14-May-2025 22:45:21 Europe/Berlin] PHP Deprecated:  strip_tags(): Passing null to parameter #1 ($string) of type string is deprecated in C:\xampp\htdocs\BRACULA\models\User.php on line 36
[14-May-2025 22:45:21 Europe/Berlin] PHP Deprecated:  strip_tags(): Passing null to parameter #1 ($string) of type string is deprecated in C:\xampp\htdocs\BRACULA\models\User.php on line 38
[14-May-2025 22:45:21 Europe/Berlin] Error creating user: SQLSTATE[42S22]: Column not found: 1054 Unknown column 'interests' in 'field list'
[14-May-2025 22:45:21 Europe/Berlin] SQL: INSERT INTO users
                (full_name, student_id, email, password_hash, avatar_url, bio, department, interests)
                VALUES
                (:full_name, :student_id, :email, :password_hash, :avatar_url, :bio, :department, :interests)
[14-May-2025 22:45:21 Europe/Berlin] Data: Array
(
    [full_name] => Afnan
    [student_id] => 22101802
    [email] => afnan@g.bracu.ac.bd
    [avatar_url] => https://avatar.iran.liara.run/public
    [bio] => 
    [department] => CSE
    [interests] => 
)

[14-May-2025 22:45:21 Europe/Berlin] Buffered output:   {"status":"error","message":"Failed to create user","debug_info":{"request_method":"POST","content_type":"application\/json","raw_input":"{\"full_name\":\"Afnan\",\"student_id\":\"22101802\",\"email\":\"afnan@g.bracu.ac.bd\",\"password\":\"Coconut@007\",\"department\":\"CSE\",\"avatar_url\":\"https:\/\/avatar.iran.liara.run\/public\",\"bio\":\"\"}","request_time":"2025-05-14 22:45:21"}}
[14-May-2025 22:52:25 Europe/Berlin] Register API Debug Info: Array
(
    [request_method] => POST
    [content_type] => application/json
    [raw_input] => {"full_name":"Rakib","student_id":"2313332","email":"rakib@g.bracu.ac.bd","password":"Coconut@007","department":"CSE","avatar_url":"https://avatar.iran.liara.run/public","bio":""}
    [request_time] => 2025-05-14 22:52:25
)

[14-May-2025 22:52:25 Europe/Berlin] Raw POST data: {"full_name":"Rakib","student_id":"2313332","email":"rakib@g.bracu.ac.bd","password":"Coconut@007","department":"CSE","avatar_url":"https://avatar.iran.liara.run/public","bio":""}
[14-May-2025 22:52:25 Europe/Berlin] PHP Deprecated:  strip_tags(): Passing null to parameter #1 ($string) of type string is deprecated in C:\xampp\htdocs\BRACULA\models\User.php on line 36
[14-May-2025 22:52:25 Europe/Berlin] PHP Deprecated:  strip_tags(): Passing null to parameter #1 ($string) of type string is deprecated in C:\xampp\htdocs\BRACULA\models\User.php on line 38
[14-May-2025 22:52:25 Europe/Berlin] Error creating user: SQLSTATE[42S22]: Column not found: 1054 Unknown column 'interests' in 'field list'
[14-May-2025 22:52:25 Europe/Berlin] SQL: INSERT INTO users
                (full_name, student_id, email, password_hash, avatar_url, bio, department, interests)
                VALUES
                (:full_name, :student_id, :email, :password_hash, :avatar_url, :bio, :department, :interests)
[14-May-2025 22:52:25 Europe/Berlin] Data: Array
(
    [full_name] => Rakib
    [student_id] => 2313332
    [email] => rakib@g.bracu.ac.bd
    [avatar_url] => https://avatar.iran.liara.run/public
    [bio] => 
    [department] => CSE
    [interests] => 
)

[14-May-2025 22:52:25 Europe/Berlin] Buffered output:   {"status":"error","message":"Failed to create user","debug_info":{"request_method":"POST","content_type":"application\/json","raw_input":"{\"full_name\":\"Rakib\",\"student_id\":\"2313332\",\"email\":\"rakib@g.bracu.ac.bd\",\"password\":\"Coconut@007\",\"department\":\"CSE\",\"avatar_url\":\"https:\/\/avatar.iran.liara.run\/public\",\"bio\":\"\"}","request_time":"2025-05-14 22:52:25"}}
[14-May-2025 22:52:50 Europe/Berlin] Register API Debug Info: Array
(
    [request_method] => POST
    [content_type] => application/json
    [raw_input] => {"full_name":"Rakib","student_id":"2313332","email":"rakib@g.bracu.ac.bd","password":"Coconut@007","department":"CSE","avatar_url":"https://avatar.iran.liara.run/public","bio":""}
    [request_time] => 2025-05-14 22:52:50
)

[14-May-2025 22:52:50 Europe/Berlin] Raw POST data: {"full_name":"Rakib","student_id":"2313332","email":"rakib@g.bracu.ac.bd","password":"Coconut@007","department":"CSE","avatar_url":"https://avatar.iran.liara.run/public","bio":""}
[14-May-2025 22:52:50 Europe/Berlin] PHP Deprecated:  strip_tags(): Passing null to parameter #1 ($string) of type string is deprecated in C:\xampp\htdocs\BRACULA\models\User.php on line 36
[14-May-2025 22:52:50 Europe/Berlin] PHP Deprecated:  strip_tags(): Passing null to parameter #1 ($string) of type string is deprecated in C:\xampp\htdocs\BRACULA\models\User.php on line 38
[14-May-2025 22:52:50 Europe/Berlin] Error creating user: SQLSTATE[42S22]: Column not found: 1054 Unknown column 'interests' in 'field list'
[14-May-2025 22:52:50 Europe/Berlin] SQL: INSERT INTO users
                (full_name, student_id, email, password_hash, avatar_url, bio, department, interests)
                VALUES
                (:full_name, :student_id, :email, :password_hash, :avatar_url, :bio, :department, :interests)
[14-May-2025 22:52:50 Europe/Berlin] Data: Array
(
    [full_name] => Rakib
    [student_id] => 2313332
    [email] => rakib@g.bracu.ac.bd
    [avatar_url] => https://avatar.iran.liara.run/public
    [bio] => 
    [department] => CSE
    [interests] => 
)

[14-May-2025 22:52:50 Europe/Berlin] Buffered output:   {"status":"error","message":"Failed to create user","debug_info":{"request_method":"POST","content_type":"application\/json","raw_input":"{\"full_name\":\"Rakib\",\"student_id\":\"2313332\",\"email\":\"rakib@g.bracu.ac.bd\",\"password\":\"Coconut@007\",\"department\":\"CSE\",\"avatar_url\":\"https:\/\/avatar.iran.liara.run\/public\",\"bio\":\"\"}","request_time":"2025-05-14 22:52:50"}}
[14-May-2025 23:00:11 Europe/Berlin] Register API Debug Info: Array
(
    [request_method] => POST
    [content_type] => application/json
    [raw_input] => {"full_name":"Rakib","student_id":"2313332","email":"rakib@g.bracu.ac.bd","password":"Coconut@007","department":"CSE","avatar_url":"https://avatar.iran.liara.run/public","bio":""}
    [request_time] => 2025-05-14 23:00:11
)

[14-May-2025 23:00:11 Europe/Berlin] Raw POST data: {"full_name":"Rakib","student_id":"2313332","email":"rakib@g.bracu.ac.bd","password":"Coconut@007","department":"CSE","avatar_url":"https://avatar.iran.liara.run/public","bio":""}
[14-May-2025 23:00:11 Europe/Berlin] PHP Deprecated:  strip_tags(): Passing null to parameter #1 ($string) of type string is deprecated in C:\xampp\htdocs\BRACULA\models\User.php on line 36
[14-May-2025 23:00:11 Europe/Berlin] PHP Deprecated:  strip_tags(): Passing null to parameter #1 ($string) of type string is deprecated in C:\xampp\htdocs\BRACULA\models\User.php on line 38
[14-May-2025 23:00:11 Europe/Berlin] Error creating user: SQLSTATE[42S22]: Column not found: 1054 Unknown column 'interests' in 'field list'
[14-May-2025 23:00:11 Europe/Berlin] SQL: INSERT INTO users
                (full_name, student_id, email, password_hash, avatar_url, bio, department, interests)
                VALUES
                (:full_name, :student_id, :email, :password_hash, :avatar_url, :bio, :department, :interests)
[14-May-2025 23:00:11 Europe/Berlin] Data: Array
(
    [full_name] => Rakib
    [student_id] => 2313332
    [email] => rakib@g.bracu.ac.bd
    [avatar_url] => https://avatar.iran.liara.run/public
    [bio] => 
    [department] => CSE
    [interests] => 
)

[14-May-2025 23:00:11 Europe/Berlin] Buffered output:   {"status":"error","message":"Failed to create user","debug_info":{"request_method":"POST","content_type":"application\/json","raw_input":"{\"full_name\":\"Rakib\",\"student_id\":\"2313332\",\"email\":\"rakib@g.bracu.ac.bd\",\"password\":\"Coconut@007\",\"department\":\"CSE\",\"avatar_url\":\"https:\/\/avatar.iran.liara.run\/public\",\"bio\":\"\"}","request_time":"2025-05-14 23:00:11"}}
[14-May-2025 23:00:35 Europe/Berlin] Register API Debug Info: Array
(
    [request_method] => POST
    [content_type] => application/json
    [raw_input] => {"full_name":"Rakib","student_id":"2313332","email":"rakib@g.bracu.ac.bd","password":"Coconut@007","department":"CSE","avatar_url":"https://avatar.iran.liara.run/public","bio":""}
    [request_time] => 2025-05-14 23:00:35
)

[14-May-2025 23:00:35 Europe/Berlin] Raw POST data: {"full_name":"Rakib","student_id":"2313332","email":"rakib@g.bracu.ac.bd","password":"Coconut@007","department":"CSE","avatar_url":"https://avatar.iran.liara.run/public","bio":""}
[14-May-2025 23:00:35 Europe/Berlin] PHP Deprecated:  strip_tags(): Passing null to parameter #1 ($string) of type string is deprecated in C:\xampp\htdocs\BRACULA\models\User.php on line 36
[14-May-2025 23:00:35 Europe/Berlin] PHP Deprecated:  strip_tags(): Passing null to parameter #1 ($string) of type string is deprecated in C:\xampp\htdocs\BRACULA\models\User.php on line 38
[14-May-2025 23:00:35 Europe/Berlin] Error creating user: SQLSTATE[42S22]: Column not found: 1054 Unknown column 'interests' in 'field list'
[14-May-2025 23:00:35 Europe/Berlin] SQL: INSERT INTO users
                (full_name, student_id, email, password_hash, avatar_url, bio, department, interests)
                VALUES
                (:full_name, :student_id, :email, :password_hash, :avatar_url, :bio, :department, :interests)
[14-May-2025 23:00:35 Europe/Berlin] Data: Array
(
    [full_name] => Rakib
    [student_id] => 2313332
    [email] => rakib@g.bracu.ac.bd
    [avatar_url] => https://avatar.iran.liara.run/public
    [bio] => 
    [department] => CSE
    [interests] => 
)

[14-May-2025 23:00:35 Europe/Berlin] Buffered output:   {"status":"error","message":"Failed to create user","debug_info":{"request_method":"POST","content_type":"application\/json","raw_input":"{\"full_name\":\"Rakib\",\"student_id\":\"2313332\",\"email\":\"rakib@g.bracu.ac.bd\",\"password\":\"Coconut@007\",\"department\":\"CSE\",\"avatar_url\":\"https:\/\/avatar.iran.liara.run\/public\",\"bio\":\"\"}","request_time":"2025-05-14 23:00:35"}}
[14-May-2025 23:03:35 Europe/Berlin] Register API Debug Info: Array
(
    [request_method] => POST
    [content_type] => application/json
    [raw_input] => {"full_name":"Rakib","student_id":"2313332","email":"rakib@g.bracu.ac.bd","password":"Coconut@007","department":"CSE","avatar_url":"https://avatar.iran.liara.run/public","bio":""}
    [request_time] => 2025-05-14 23:03:35
)

[14-May-2025 23:03:35 Europe/Berlin] Raw POST data: {"full_name":"Rakib","student_id":"2313332","email":"rakib@g.bracu.ac.bd","password":"Coconut@007","department":"CSE","avatar_url":"https://avatar.iran.liara.run/public","bio":""}
[14-May-2025 23:03:35 Europe/Berlin] Database config path: C:\xampp\htdocs\BRACULA\config\database.php
[14-May-2025 23:03:35 Europe/Berlin] User model path: C:\xampp\htdocs\BRACULA\models\User.php
[14-May-2025 23:03:35 Europe/Berlin] Using database: bracula_db
[14-May-2025 23:03:35 Europe/Berlin] Table 'users' exists in database
[14-May-2025 23:03:35 Europe/Berlin] PHP Deprecated:  strip_tags(): Passing null to parameter #1 ($string) of type string is deprecated in C:\xampp\htdocs\BRACULA\models\User.php on line 36
[14-May-2025 23:03:35 Europe/Berlin] PHP Deprecated:  strip_tags(): Passing null to parameter #1 ($string) of type string is deprecated in C:\xampp\htdocs\BRACULA\models\User.php on line 38
[14-May-2025 23:03:35 Europe/Berlin] Error creating user: SQLSTATE[42S22]: Column not found: 1054 Unknown column 'interests' in 'field list'
[14-May-2025 23:03:35 Europe/Berlin] SQL: INSERT INTO users
                (full_name, student_id, email, password_hash, avatar_url, bio, department, interests)
                VALUES
                (:full_name, :student_id, :email, :password_hash, :avatar_url, :bio, :department, :interests)
[14-May-2025 23:03:35 Europe/Berlin] Data: Array
(
    [full_name] => Rakib
    [student_id] => 2313332
    [email] => rakib@g.bracu.ac.bd
    [avatar_url] => https://avatar.iran.liara.run/public
    [bio] => 
    [department] => CSE
    [interests] => 
)

[14-May-2025 23:03:35 Europe/Berlin] Buffered output:   {"status":"error","message":"Failed to create user","debug_info":{"request_method":"POST","content_type":"application\/json","raw_input":"{\"full_name\":\"Rakib\",\"student_id\":\"2313332\",\"email\":\"rakib@g.bracu.ac.bd\",\"password\":\"Coconut@007\",\"department\":\"CSE\",\"avatar_url\":\"https:\/\/avatar.iran.liara.run\/public\",\"bio\":\"\"}","request_time":"2025-05-14 23:03:35"}}
[14-May-2025 23:04:15 Europe/Berlin] Register API Debug Info: Array
(
    [request_method] => POST
    [content_type] => application/json
    [raw_input] => {"full_name":"Rakib Ahmed","student_id":"23133321","email":"rakib.ahmed@g.bracu.ac.bd","password":"Coconut@007","department":"EEE","avatar_url":"https://avatar.iran.liara.run/public","bio":""}
    [request_time] => 2025-05-14 23:04:15
)

[14-May-2025 23:04:15 Europe/Berlin] Raw POST data: {"full_name":"Rakib Ahmed","student_id":"23133321","email":"rakib.ahmed@g.bracu.ac.bd","password":"Coconut@007","department":"EEE","avatar_url":"https://avatar.iran.liara.run/public","bio":""}
[14-May-2025 23:04:15 Europe/Berlin] Database config path: C:\xampp\htdocs\BRACULA\config\database.php
[14-May-2025 23:04:15 Europe/Berlin] User model path: C:\xampp\htdocs\BRACULA\models\User.php
[14-May-2025 23:04:15 Europe/Berlin] Using database: bracula_db
[14-May-2025 23:04:15 Europe/Berlin] Table 'users' exists in database
[14-May-2025 23:04:15 Europe/Berlin] PHP Deprecated:  strip_tags(): Passing null to parameter #1 ($string) of type string is deprecated in C:\xampp\htdocs\BRACULA\models\User.php on line 36
[14-May-2025 23:04:15 Europe/Berlin] PHP Deprecated:  strip_tags(): Passing null to parameter #1 ($string) of type string is deprecated in C:\xampp\htdocs\BRACULA\models\User.php on line 38
[14-May-2025 23:04:15 Europe/Berlin] Error creating user: SQLSTATE[42S22]: Column not found: 1054 Unknown column 'interests' in 'field list'
[14-May-2025 23:04:15 Europe/Berlin] SQL: INSERT INTO users
                (full_name, student_id, email, password_hash, avatar_url, bio, department, interests)
                VALUES
                (:full_name, :student_id, :email, :password_hash, :avatar_url, :bio, :department, :interests)
[14-May-2025 23:04:15 Europe/Berlin] Data: Array
(
    [full_name] => Rakib Ahmed
    [student_id] => 23133321
    [email] => rakib.ahmed@g.bracu.ac.bd
    [avatar_url] => https://avatar.iran.liara.run/public
    [bio] => 
    [department] => EEE
    [interests] => 
)

[14-May-2025 23:04:15 Europe/Berlin] Buffered output:   {"status":"error","message":"Failed to create user","debug_info":{"request_method":"POST","content_type":"application\/json","raw_input":"{\"full_name\":\"Rakib Ahmed\",\"student_id\":\"23133321\",\"email\":\"rakib.ahmed@g.bracu.ac.bd\",\"password\":\"Coconut@007\",\"department\":\"EEE\",\"avatar_url\":\"https:\/\/avatar.iran.liara.run\/public\",\"bio\":\"\"}","request_time":"2025-05-14 23:04:15"}}
[15-May-2025 00:15:44 Europe/Berlin] Register API Debug Info: Array
(
    [request_method] => POST
    [content_type] => application/json
    [raw_input] => {"full_name":"Rakib Ahmed","student_id":"23133321","email":"rakib.ahmed@g.bracu.ac.bd","password":"Coconut@007","department":"EEE","avatar_url":"https://avatar.iran.liara.run/public","bio":""}
    [request_time] => 2025-05-15 00:15:44
)

[15-May-2025 00:15:44 Europe/Berlin] Raw POST data: {"full_name":"Rakib Ahmed","student_id":"23133321","email":"rakib.ahmed@g.bracu.ac.bd","password":"Coconut@007","department":"EEE","avatar_url":"https://avatar.iran.liara.run/public","bio":""}
[15-May-2025 00:15:44 Europe/Berlin] Database config path: C:\xampp\htdocs\BRACULA\config\database.php
[15-May-2025 00:15:44 Europe/Berlin] User model path: C:\xampp\htdocs\BRACULA\models\User.php
[15-May-2025 00:15:44 Europe/Berlin] Using database: bracula_db
[15-May-2025 00:15:44 Europe/Berlin] Table 'users' exists in database
[15-May-2025 00:15:44 Europe/Berlin] Buffered output:   {"status":"success","message":"User was created successfully"}
[15-May-2025 00:37:21 Europe/Berlin] Register API Debug Info: Array
(
    [request_method] => POST
    [content_type] => application/json
    [raw_input] => {"full_name":"Reduan Nur","student_id":"22101803","email":"reduan.nur.labid@g.bracu.ac.bd","password":"Coconut@007","department":"CSE","avatar_url":"https://avatar.iran.liara.run/public","bio":""}
    [request_time] => 2025-05-15 00:37:21
)

[15-May-2025 00:37:21 Europe/Berlin] Raw POST data: {"full_name":"Reduan Nur","student_id":"22101803","email":"reduan.nur.labid@g.bracu.ac.bd","password":"Coconut@007","department":"CSE","avatar_url":"https://avatar.iran.liara.run/public","bio":""}
[15-May-2025 00:37:21 Europe/Berlin] Database config path: C:\xampp\htdocs\BRACULA\config\database.php
[15-May-2025 00:37:21 Europe/Berlin] User model path: C:\xampp\htdocs\BRACULA\models\User.php
[15-May-2025 00:37:21 Europe/Berlin] Using database: bracula_db
[15-May-2025 00:37:21 Europe/Berlin] Table 'users' exists in database
[15-May-2025 00:37:21 Europe/Berlin] Buffered output:   {"status":"success","message":"User was created successfully"}
[15-May-2025 03:54:24 Europe/Berlin] Register API Debug Info: Array
(
    [request_method] => POST
    [content_type] => application/json
    [raw_input] => {"full_name":"Rafi","student_id":"22101804","email":"rafi@g.bracu.ac.bd","password":"Coconut@007","department":"CSE","avatar_url":"https://avatar.iran.liara.run/public","bio":""}
    [request_time] => 2025-05-15 03:54:24
)

[15-May-2025 03:54:24 Europe/Berlin] Raw POST data: {"full_name":"Rafi","student_id":"22101804","email":"rafi@g.bracu.ac.bd","password":"Coconut@007","department":"CSE","avatar_url":"https://avatar.iran.liara.run/public","bio":""}
[15-May-2025 03:54:24 Europe/Berlin] Database config path: C:\xampp\htdocs\BRACULA\config\database.php
[15-May-2025 03:54:24 Europe/Berlin] User model path: C:\xampp\htdocs\BRACULA\models\User.php
[15-May-2025 03:54:24 Europe/Berlin] Using database: bracula_db
[15-May-2025 03:54:24 Europe/Berlin] Table 'users' exists in database
[15-May-2025 03:54:24 Europe/Berlin] Buffered output:   {"status":"error","message":"Student ID already exists","debug_info":{"request_method":"POST","content_type":"application\/json","raw_input":"{\"full_name\":\"Rafi\",\"student_id\":\"22101804\",\"email\":\"rafi@g.bracu.ac.bd\",\"password\":\"Coconut@007\",\"department\":\"CSE\",\"avatar_url\":\"https:\/\/avatar.iran.liara.run\/public\",\"bio\":\"\"}","request_time":"2025-05-15 03:54:24"}}
[15-May-2025 03:54:31 Europe/Berlin] Register API Debug Info: Array
(
    [request_method] => POST
    [content_type] => application/json
    [raw_input] => {"full_name":"Rafi","student_id":"22101805","email":"rafi@g.bracu.ac.bd","password":"Coconut@007","department":"CSE","avatar_url":"https://avatar.iran.liara.run/public","bio":""}
    [request_time] => 2025-05-15 03:54:31
)

[15-May-2025 03:54:31 Europe/Berlin] Raw POST data: {"full_name":"Rafi","student_id":"22101805","email":"rafi@g.bracu.ac.bd","password":"Coconut@007","department":"CSE","avatar_url":"https://avatar.iran.liara.run/public","bio":""}
[15-May-2025 03:54:31 Europe/Berlin] Database config path: C:\xampp\htdocs\BRACULA\config\database.php
[15-May-2025 03:54:31 Europe/Berlin] User model path: C:\xampp\htdocs\BRACULA\models\User.php
[15-May-2025 03:54:31 Europe/Berlin] Using database: bracula_db
[15-May-2025 03:54:31 Europe/Berlin] Table 'users' exists in database
[15-May-2025 03:54:31 Europe/Berlin] Buffered output:   {"status":"error","message":"Student ID already exists","debug_info":{"request_method":"POST","content_type":"application\/json","raw_input":"{\"full_name\":\"Rafi\",\"student_id\":\"22101805\",\"email\":\"rafi@g.bracu.ac.bd\",\"password\":\"Coconut@007\",\"department\":\"CSE\",\"avatar_url\":\"https:\/\/avatar.iran.liara.run\/public\",\"bio\":\"\"}","request_time":"2025-05-15 03:54:31"}}
[15-May-2025 03:54:35 Europe/Berlin] Register API Debug Info: Array
(
    [request_method] => POST
    [content_type] => application/json
    [raw_input] => {"full_name":"Rafi","student_id":"22101806","email":"rafi@g.bracu.ac.bd","password":"Coconut@007","department":"CSE","avatar_url":"https://avatar.iran.liara.run/public","bio":""}
    [request_time] => 2025-05-15 03:54:35
)

[15-May-2025 03:54:35 Europe/Berlin] Raw POST data: {"full_name":"Rafi","student_id":"22101806","email":"rafi@g.bracu.ac.bd","password":"Coconut@007","department":"CSE","avatar_url":"https://avatar.iran.liara.run/public","bio":""}
[15-May-2025 03:54:35 Europe/Berlin] Database config path: C:\xampp\htdocs\BRACULA\config\database.php
[15-May-2025 03:54:35 Europe/Berlin] User model path: C:\xampp\htdocs\BRACULA\models\User.php
[15-May-2025 03:54:35 Europe/Berlin] Using database: bracula_db
[15-May-2025 03:54:35 Europe/Berlin] Table 'users' exists in database
[15-May-2025 03:54:35 Europe/Berlin] Buffered output:   {"status":"success","message":"User was created successfully"}
